<?xml version="1.0" encoding="UTF-8"?>
<!-- Generated by org.testng.reporters.JUnitXMLReporter -->
<testsuite ignored="0" hostname="MSR" failures="0" tests="15" name="Default test" time="166.588" errors="0" timestamp="2023-02-21T11:19:13 BDT">
  <testcase classname="project.rokomari.Login_To_Checkout" name="openURL" time="17.704"/>
  <testcase classname="project.rokomari.Login_To_Checkout" name="verifySignInPage" time="6.62"/>
  <testcase classname="project.rokomari.Login_To_Checkout" name="verifySignInPageWithInvalidCredentials" time="16.055"/>
  <testcase classname="project.rokomari.Login_To_Checkout" name="verifySignInPageWithInvalidEmail" time="20.767"/>
  <testcase classname="project.rokomari.Login_To_Checkout" name="verifySignInPageWithInvalidPassword" time="18.988"/>
  <testcase classname="project.rokomari.Login_To_Checkout" name="verifySignInPageWithoutCredentials" time="10.275"/>
  <testcase classname="project.rokomari.Login_To_Checkout" name="verifySignInPageWithValidCredentials" time="21.697"/>
  <testcase classname="project.rokomari.Login_To_Checkout" name="verifyLekhokOption" time="3.172"/>
  <testcase classname="project.rokomari.Login_To_Checkout" name="verifyHumayunAhmedOption" time="4.989"/>
  <testcase classname="project.rokomari.Login_To_Checkout" name="verifyFilter" time="12.158"/>
  <testcase classname="project.rokomari.Login_To_Checkout" name="verifyPagination" time="6.743"/>
  <testcase classname="project.rokomari.Login_To_Checkout" name="verifyAddToCart" time="5.306"/>
  <testcase classname="project.rokomari.Login_To_Checkout" name="verifyClickToCart" time="4.475"/>
  <testcase classname="project.rokomari.Login_To_Checkout" name="verifyPlaceOrder" time="4.132"/>
  <testcase classname="project.rokomari.Login_To_Checkout" name="verifyCheckoutForm" time="13.463"/>
</testsuite> <!-- Default test -->
