<?xml version="1.0" encoding="UTF-8"?>
<testng-results ignored="0" total="15" passed="15" failed="0" skipped="0">
  <reporter-output>
  </reporter-output>
  <suite started-at="2023-02-21T11:16:26 BDT" name="Default suite" finished-at="2023-02-21T11:19:13 BDT" duration-ms="166588">
    <groups>
    </groups>
    <test started-at="2023-02-21T11:16:26 BDT" name="Default test" finished-at="2023-02-21T11:19:13 BDT" duration-ms="166588">
      <class name="project.rokomari.Login_To_Checkout">
        <test-method is-config="true" signature="start()[pri:0, instance:project.rokomari.Login_To_Checkout@9f116cc]" started-at="2023-02-21T11:16:24 BDT" name="start" finished-at="2023-02-21T11:16:26 BDT" duration-ms="1902" status="PASS">
          <reporter-output>
          </reporter-output>
        </test-method> <!-- start -->
        <test-method signature="openURL()[pri:1, instance:project.rokomari.Login_To_Checkout@9f116cc]" started-at="2023-02-21T11:16:26 BDT" name="openURL" finished-at="2023-02-21T11:16:44 BDT" duration-ms="17704" status="PASS">
          <reporter-output>
          </reporter-output>
        </test-method> <!-- openURL -->
        <test-method signature="verifySignInPage()[pri:2, instance:project.rokomari.Login_To_Checkout@9f116cc]" started-at="2023-02-21T11:16:44 BDT" name="verifySignInPage" finished-at="2023-02-21T11:16:51 BDT" duration-ms="6620" status="PASS">
          <reporter-output>
          </reporter-output>
        </test-method> <!-- verifySignInPage -->
        <test-method signature="verifySignInPageWithInvalidCredentials()[pri:3, instance:project.rokomari.Login_To_Checkout@9f116cc]" started-at="2023-02-21T11:16:51 BDT" name="verifySignInPageWithInvalidCredentials" finished-at="2023-02-21T11:17:07 BDT" duration-ms="16055" status="PASS">
          <reporter-output>
          </reporter-output>
        </test-method> <!-- verifySignInPageWithInvalidCredentials -->
        <test-method signature="verifySignInPageWithInvalidEmail()[pri:4, instance:project.rokomari.Login_To_Checkout@9f116cc]" started-at="2023-02-21T11:17:07 BDT" name="verifySignInPageWithInvalidEmail" finished-at="2023-02-21T11:17:27 BDT" duration-ms="20767" status="PASS">
          <reporter-output>
          </reporter-output>
        </test-method> <!-- verifySignInPageWithInvalidEmail -->
        <test-method signature="verifySignInPageWithInvalidPassword()[pri:5, instance:project.rokomari.Login_To_Checkout@9f116cc]" started-at="2023-02-21T11:17:27 BDT" name="verifySignInPageWithInvalidPassword" finished-at="2023-02-21T11:17:46 BDT" duration-ms="18988" status="PASS">
          <reporter-output>
          </reporter-output>
        </test-method> <!-- verifySignInPageWithInvalidPassword -->
        <test-method signature="verifySignInPageWithoutCredentials()[pri:6, instance:project.rokomari.Login_To_Checkout@9f116cc]" started-at="2023-02-21T11:17:46 BDT" name="verifySignInPageWithoutCredentials" finished-at="2023-02-21T11:17:57 BDT" duration-ms="10275" status="PASS">
          <reporter-output>
          </reporter-output>
        </test-method> <!-- verifySignInPageWithoutCredentials -->
        <test-method signature="verifySignInPageWithValidCredentials()[pri:7, instance:project.rokomari.Login_To_Checkout@9f116cc]" started-at="2023-02-21T11:17:57 BDT" name="verifySignInPageWithValidCredentials" finished-at="2023-02-21T11:18:18 BDT" duration-ms="21697" status="PASS">
          <reporter-output>
          </reporter-output>
        </test-method> <!-- verifySignInPageWithValidCredentials -->
        <test-method signature="verifyLekhokOption()[pri:8, instance:project.rokomari.Login_To_Checkout@9f116cc]" started-at="2023-02-21T11:18:18 BDT" name="verifyLekhokOption" finished-at="2023-02-21T11:18:22 BDT" duration-ms="3172" status="PASS">
          <reporter-output>
          </reporter-output>
        </test-method> <!-- verifyLekhokOption -->
        <test-method signature="verifyHumayunAhmedOption()[pri:9, instance:project.rokomari.Login_To_Checkout@9f116cc]" started-at="2023-02-21T11:18:22 BDT" name="verifyHumayunAhmedOption" finished-at="2023-02-21T11:18:27 BDT" duration-ms="4989" status="PASS">
          <reporter-output>
          </reporter-output>
        </test-method> <!-- verifyHumayunAhmedOption -->
        <test-method signature="verifyFilter()[pri:10, instance:project.rokomari.Login_To_Checkout@9f116cc]" started-at="2023-02-21T11:18:27 BDT" name="verifyFilter" finished-at="2023-02-21T11:18:39 BDT" duration-ms="12158" status="PASS">
          <reporter-output>
          </reporter-output>
        </test-method> <!-- verifyFilter -->
        <test-method signature="verifyPagination()[pri:11, instance:project.rokomari.Login_To_Checkout@9f116cc]" started-at="2023-02-21T11:18:39 BDT" name="verifyPagination" finished-at="2023-02-21T11:18:46 BDT" duration-ms="6743" status="PASS">
          <reporter-output>
          </reporter-output>
        </test-method> <!-- verifyPagination -->
        <test-method signature="verifyAddToCart()[pri:12, instance:project.rokomari.Login_To_Checkout@9f116cc]" started-at="2023-02-21T11:18:46 BDT" name="verifyAddToCart" finished-at="2023-02-21T11:18:51 BDT" duration-ms="5306" status="PASS">
          <reporter-output>
          </reporter-output>
        </test-method> <!-- verifyAddToCart -->
        <test-method signature="verifyClickToCart()[pri:13, instance:project.rokomari.Login_To_Checkout@9f116cc]" started-at="2023-02-21T11:18:51 BDT" name="verifyClickToCart" finished-at="2023-02-21T11:18:55 BDT" duration-ms="4475" status="PASS">
          <reporter-output>
          </reporter-output>
        </test-method> <!-- verifyClickToCart -->
        <test-method signature="verifyPlaceOrder()[pri:14, instance:project.rokomari.Login_To_Checkout@9f116cc]" started-at="2023-02-21T11:18:55 BDT" name="verifyPlaceOrder" finished-at="2023-02-21T11:18:59 BDT" duration-ms="4132" status="PASS">
          <reporter-output>
          </reporter-output>
        </test-method> <!-- verifyPlaceOrder -->
        <test-method signature="verifyCheckoutForm()[pri:15, instance:project.rokomari.Login_To_Checkout@9f116cc]" started-at="2023-02-21T11:18:59 BDT" name="verifyCheckoutForm" finished-at="2023-02-21T11:19:13 BDT" duration-ms="13463" status="PASS">
          <reporter-output>
          </reporter-output>
        </test-method> <!-- verifyCheckoutForm -->
        <test-method is-config="true" signature="end()[pri:0, instance:project.rokomari.Login_To_Checkout@9f116cc]" started-at="2023-02-21T11:19:13 BDT" name="end" finished-at="2023-02-21T11:19:13 BDT" duration-ms="294" status="PASS">
          <reporter-output>
          </reporter-output>
        </test-method> <!-- end -->
      </class> <!-- project.rokomari.Login_To_Checkout -->
    </test> <!-- Default test -->
  </suite> <!-- Default suite -->
</testng-results>
