<?xml version="1.0" encoding="UTF-8"?>
<testng-results ignored="0" total="15" passed="14" failed="1" skipped="0">
  <reporter-output>
  </reporter-output>
  <suite started-at="2023-02-03T21:27:02 BDT" name="Default suite" finished-at="2023-02-03T21:29:41 BDT" duration-ms="159381">
    <groups>
    </groups>
    <test started-at="2023-02-03T21:27:02 BDT" name="Default test" finished-at="2023-02-03T21:29:41 BDT" duration-ms="159381">
      <class name="project.rokomari.Login_To_Checkout">
        <test-method is-config="true" signature="start()[pri:0, instance:project.rokomari.Login_To_Checkout@74235045]" started-at="2023-02-03T21:27:00 BDT" name="start" finished-at="2023-02-03T21:27:02 BDT" duration-ms="1844" status="PASS">
          <reporter-output>
          </reporter-output>
        </test-method> <!-- start -->
        <test-method signature="openURL()[pri:1, instance:project.rokomari.Login_To_Checkout@74235045]" started-at="2023-02-03T21:27:02 BDT" name="openURL" finished-at="2023-02-03T21:27:19 BDT" duration-ms="16800" status="PASS">
          <reporter-output>
          </reporter-output>
        </test-method> <!-- openURL -->
        <test-method signature="verifySignInPage()[pri:2, instance:project.rokomari.Login_To_Checkout@74235045]" started-at="2023-02-03T21:27:19 BDT" name="verifySignInPage" finished-at="2023-02-03T21:27:25 BDT" duration-ms="5742" status="PASS">
          <reporter-output>
          </reporter-output>
        </test-method> <!-- verifySignInPage -->
        <test-method signature="verifySignInPageWithInvalidCredentials()[pri:3, instance:project.rokomari.Login_To_Checkout@74235045]" started-at="2023-02-03T21:27:25 BDT" name="verifySignInPageWithInvalidCredentials" finished-at="2023-02-03T21:27:45 BDT" duration-ms="20903" status="PASS">
          <reporter-output>
          </reporter-output>
        </test-method> <!-- verifySignInPageWithInvalidCredentials -->
        <test-method signature="verifySignInPageWithInvalidEmail()[pri:4, instance:project.rokomari.Login_To_Checkout@74235045]" started-at="2023-02-03T21:27:45 BDT" name="verifySignInPageWithInvalidEmail" finished-at="2023-02-03T21:28:01 BDT" duration-ms="15869" status="PASS">
          <reporter-output>
          </reporter-output>
        </test-method> <!-- verifySignInPageWithInvalidEmail -->
        <test-method signature="verifySignInPageWithInvalidPassword()[pri:5, instance:project.rokomari.Login_To_Checkout@74235045]" started-at="2023-02-03T21:28:01 BDT" name="verifySignInPageWithInvalidPassword" finished-at="2023-02-03T21:28:20 BDT" duration-ms="19116" status="PASS">
          <reporter-output>
          </reporter-output>
        </test-method> <!-- verifySignInPageWithInvalidPassword -->
        <test-method signature="verifySignInPageWithoutCredentials()[pri:6, instance:project.rokomari.Login_To_Checkout@74235045]" started-at="2023-02-03T21:28:20 BDT" name="verifySignInPageWithoutCredentials" finished-at="2023-02-03T21:28:31 BDT" duration-ms="10309" status="PASS">
          <reporter-output>
          </reporter-output>
        </test-method> <!-- verifySignInPageWithoutCredentials -->
        <test-method signature="verifySignInPageWithValidCredentials()[pri:7, instance:project.rokomari.Login_To_Checkout@74235045]" started-at="2023-02-03T21:28:31 BDT" name="verifySignInPageWithValidCredentials" finished-at="2023-02-03T21:28:44 BDT" duration-ms="13717" status="PASS">
          <reporter-output>
          </reporter-output>
        </test-method> <!-- verifySignInPageWithValidCredentials -->
        <test-method signature="verifyLekhokOption()[pri:8, instance:project.rokomari.Login_To_Checkout@74235045]" started-at="2023-02-03T21:28:44 BDT" name="verifyLekhokOption" finished-at="2023-02-03T21:28:48 BDT" duration-ms="3161" status="PASS">
          <reporter-output>
          </reporter-output>
        </test-method> <!-- verifyLekhokOption -->
        <test-method signature="verifyHumayunAhmedOption()[pri:9, instance:project.rokomari.Login_To_Checkout@74235045]" started-at="2023-02-03T21:28:48 BDT" name="verifyHumayunAhmedOption" finished-at="2023-02-03T21:28:55 BDT" duration-ms="7132" status="PASS">
          <reporter-output>
          </reporter-output>
        </test-method> <!-- verifyHumayunAhmedOption -->
        <test-method signature="verifyFilter()[pri:10, instance:project.rokomari.Login_To_Checkout@74235045]" started-at="2023-02-03T21:28:55 BDT" name="verifyFilter" finished-at="2023-02-03T21:29:10 BDT" duration-ms="15255" status="PASS">
          <reporter-output>
          </reporter-output>
        </test-method> <!-- verifyFilter -->
        <test-method signature="verifyPagination()[pri:11, instance:project.rokomari.Login_To_Checkout@74235045]" started-at="2023-02-03T21:29:10 BDT" name="verifyPagination" finished-at="2023-02-03T21:29:17 BDT" duration-ms="6768" status="PASS">
          <reporter-output>
          </reporter-output>
        </test-method> <!-- verifyPagination -->
        <test-method signature="verifyAddToCart()[pri:12, instance:project.rokomari.Login_To_Checkout@74235045]" started-at="2023-02-03T21:29:17 BDT" name="verifyAddToCart" finished-at="2023-02-03T21:29:19 BDT" duration-ms="2069" status="FAIL">
          <exception class="org.openqa.selenium.interactions.MoveTargetOutOfBoundsException">
            <message>
              <![CDATA[move target out of bounds
  (Session info: chrome=109.0.5414.120)
Build info: version: '4.6.0', revision: '79f1c02ae20'
System info: os.name: 'Windows 11', os.arch: 'amd64', os.version: '10.0', java.version: '19.0.1'
Driver info: org.openqa.selenium.chrome.ChromeDriver
Command: [1c055760ee5e80f877fef368bfe727b0, actions {actions=[org.openqa.selenium.interactions.Sequence@76563d26]}]
Capabilities {acceptInsecureCerts: false, browserName: chrome, browserVersion: 109.0.5414.120, chrome: {chromedriverVersion: 109.0.5414.74 (e7c5703604da..., userDataDir: C:\Users\Shovon\AppData\Loc...}, goog:chromeOptions: {debuggerAddress: localhost:12922}, networkConnectionEnabled: false, pageLoadStrategy: normal, platformName: WINDOWS, proxy: Proxy(), se:cdp: ws://localhost:12922/devtoo..., se:cdpVersion: 109.0.5414.120, setWindowRect: true, strictFileInteractability: false, timeouts: {implicit: 0, pageLoad: 300000, script: 30000}, unhandledPromptBehavior: dismiss and notify, webauthn:extension:credBlob: true, webauthn:extension:largeBlob: true, webauthn:virtualAuthenticators: true}
Session ID: 1c055760ee5e80f877fef368bfe727b0]]>
            </message>
            <full-stacktrace>
              <![CDATA[org.openqa.selenium.interactions.MoveTargetOutOfBoundsException: move target out of bounds
  (Session info: chrome=109.0.5414.120)
Build info: version: '4.6.0', revision: '79f1c02ae20'
System info: os.name: 'Windows 11', os.arch: 'amd64', os.version: '10.0', java.version: '19.0.1'
Driver info: org.openqa.selenium.chrome.ChromeDriver
Command: [1c055760ee5e80f877fef368bfe727b0, actions {actions=[org.openqa.selenium.interactions.Sequence@76563d26]}]
Capabilities {acceptInsecureCerts: false, browserName: chrome, browserVersion: 109.0.5414.120, chrome: {chromedriverVersion: 109.0.5414.74 (e7c5703604da..., userDataDir: C:\Users\Shovon\AppData\Loc...}, goog:chromeOptions: {debuggerAddress: localhost:12922}, networkConnectionEnabled: false, pageLoadStrategy: normal, platformName: WINDOWS, proxy: Proxy(), se:cdp: ws://localhost:12922/devtoo..., se:cdpVersion: 109.0.5414.120, setWindowRect: true, strictFileInteractability: false, timeouts: {implicit: 0, pageLoad: 300000, script: 30000}, unhandledPromptBehavior: dismiss and notify, webauthn:extension:credBlob: true, webauthn:extension:largeBlob: true, webauthn:virtualAuthenticators: true}
Session ID: 1c055760ee5e80f877fef368bfe727b0
at java.base/jdk.internal.reflect.DirectConstructorHandleAccessor.newInstance(DirectConstructorHandleAccessor.java:67)
at java.base/java.lang.reflect.Constructor.newInstanceWithCaller(Constructor.java:500)
at java.base/java.lang.reflect.Constructor.newInstance(Constructor.java:484)
at org.openqa.selenium.remote.codec.w3c.W3CHttpResponseCodec.createException(W3CHttpResponseCodec.java:200)
at org.openqa.selenium.remote.codec.w3c.W3CHttpResponseCodec.decode(W3CHttpResponseCodec.java:133)
at org.openqa.selenium.remote.codec.w3c.W3CHttpResponseCodec.decode(W3CHttpResponseCodec.java:53)
at org.openqa.selenium.remote.HttpCommandExecutor.execute(HttpCommandExecutor.java:184)
at org.openqa.selenium.remote.service.DriverCommandExecutor.invokeExecute(DriverCommandExecutor.java:167)
at org.openqa.selenium.remote.service.DriverCommandExecutor.execute(DriverCommandExecutor.java:142)
at org.openqa.selenium.remote.RemoteWebDriver.execute(RemoteWebDriver.java:541)
at org.openqa.selenium.remote.RemoteWebDriver.perform(RemoteWebDriver.java:609)
at org.openqa.selenium.interactions.Actions$BuiltAction.perform(Actions.java:567)
at org.openqa.selenium.interactions.Actions.perform(Actions.java:536)
at project.rokomari.Login_To_Checkout.verifyAddToCart(Login_To_Checkout.java:193)
at java.base/jdk.internal.reflect.DirectMethodHandleAccessor.invoke(DirectMethodHandleAccessor.java:104)
at java.base/java.lang.reflect.Method.invoke(Method.java:578)
at org.testng.internal.invokers.MethodInvocationHelper.invokeMethod(MethodInvocationHelper.java:139)
at org.testng.internal.invokers.TestInvoker.invokeMethod(TestInvoker.java:677)
at org.testng.internal.invokers.TestInvoker.invokeTestMethod(TestInvoker.java:221)
at org.testng.internal.invokers.MethodRunner.runInSequence(MethodRunner.java:50)
at org.testng.internal.invokers.TestInvoker$MethodInvocationAgent.invoke(TestInvoker.java:962)
at org.testng.internal.invokers.TestInvoker.invokeTestMethods(TestInvoker.java:194)
at org.testng.internal.invokers.TestMethodWorker.invokeTestMethods(TestMethodWorker.java:148)
at org.testng.internal.invokers.TestMethodWorker.run(TestMethodWorker.java:128)
at java.base/java.util.ArrayList.forEach(ArrayList.java:1511)
at org.testng.TestRunner.privateRun(TestRunner.java:806)
at org.testng.TestRunner.run(TestRunner.java:601)
at org.testng.SuiteRunner.runTest(SuiteRunner.java:433)
at org.testng.SuiteRunner.runSequentially(SuiteRunner.java:427)
at org.testng.SuiteRunner.privateRun(SuiteRunner.java:387)
at org.testng.SuiteRunner.run(SuiteRunner.java:330)
at org.testng.SuiteRunnerWorker.runSuite(SuiteRunnerWorker.java:52)
at org.testng.SuiteRunnerWorker.run(SuiteRunnerWorker.java:95)
at org.testng.TestNG.runSuitesSequentially(TestNG.java:1256)
at org.testng.TestNG.runSuitesLocally(TestNG.java:1176)
at org.testng.TestNG.runSuites(TestNG.java:1099)
at org.testng.TestNG.run(TestNG.java:1067)
at org.testng.remote.AbstractRemoteTestNG.run(AbstractRemoteTestNG.java:115)
at org.testng.remote.RemoteTestNG.initAndRun(RemoteTestNG.java:251)
at org.testng.remote.RemoteTestNG.main(RemoteTestNG.java:77)
]]>
            </full-stacktrace>
          </exception> <!-- org.openqa.selenium.interactions.MoveTargetOutOfBoundsException -->
          <reporter-output>
          </reporter-output>
        </test-method> <!-- verifyAddToCart -->
        <test-method signature="verifyClickToCart()[pri:13, instance:project.rokomari.Login_To_Checkout@74235045]" started-at="2023-02-03T21:29:19 BDT" name="verifyClickToCart" finished-at="2023-02-03T21:29:24 BDT" duration-ms="4857" status="PASS">
          <reporter-output>
          </reporter-output>
        </test-method> <!-- verifyClickToCart -->
        <test-method signature="verifyPlaceOrder()[pri:14, instance:project.rokomari.Login_To_Checkout@74235045]" started-at="2023-02-03T21:29:24 BDT" name="verifyPlaceOrder" finished-at="2023-02-03T21:29:28 BDT" duration-ms="4129" status="PASS">
          <reporter-output>
          </reporter-output>
        </test-method> <!-- verifyPlaceOrder -->
        <test-method signature="verifyCheckoutForm()[pri:15, instance:project.rokomari.Login_To_Checkout@74235045]" started-at="2023-02-03T21:29:28 BDT" name="verifyCheckoutForm" finished-at="2023-02-03T21:29:41 BDT" duration-ms="13495" status="PASS">
          <reporter-output>
          </reporter-output>
        </test-method> <!-- verifyCheckoutForm -->
        <test-method is-config="true" signature="end()[pri:0, instance:project.rokomari.Login_To_Checkout@74235045]" started-at="2023-02-03T21:29:41 BDT" name="end" finished-at="2023-02-03T21:29:42 BDT" duration-ms="318" status="PASS">
          <reporter-output>
          </reporter-output>
        </test-method> <!-- end -->
      </class> <!-- project.rokomari.Login_To_Checkout -->
    </test> <!-- Default test -->
  </suite> <!-- Default suite -->
</testng-results>
